2026-01-31 01:04:14,546 - INFO - training started.
2026-01-31 01:04:14,586 - DEBUG - epoch 000 | train loss 0.6722 | val loss 0.6414
2026-01-31 01:04:14,586 - DEBUG - patience counter reinitialized.
2026-01-31 01:04:14,588 - INFO - epoch 000 | train loss 0.6722 | val loss 0.6414
2026-01-31 01:04:14,629 - DEBUG - epoch 001 | train loss 0.6196 | val loss 0.5987
2026-01-31 01:04:14,629 - DEBUG - patience counter reinitialized.
2026-01-31 01:04:14,669 - DEBUG - epoch 002 | train loss 0.5512 | val loss 0.5271
2026-01-31 01:04:14,669 - DEBUG - patience counter reinitialized.
2026-01-31 01:04:14,710 - DEBUG - epoch 003 | train loss 0.4922 | val loss 0.4362
2026-01-31 01:04:14,710 - DEBUG - patience counter reinitialized.
2026-01-31 01:04:14,746 - DEBUG - epoch 004 | train loss 0.4483 | val loss 0.3705
2026-01-31 01:04:14,746 - DEBUG - patience counter reinitialized.
2026-01-31 01:04:14,783 - DEBUG - epoch 005 | train loss 0.4122 | val loss 0.3659
2026-01-31 01:04:14,783 - DEBUG - patience counter reinitialized.
2026-01-31 01:04:14,820 - DEBUG - epoch 006 | train loss 0.4063 | val loss 0.3520
2026-01-31 01:04:14,820 - DEBUG - patience counter reinitialized.
2026-01-31 01:04:14,858 - DEBUG - epoch 007 | train loss 0.3886 | val loss 0.3596
2026-01-31 01:04:14,858 - DEBUG - validation loss did not improve at epoch 7
2026-01-31 01:04:14,898 - DEBUG - epoch 008 | train loss 0.3803 | val loss 0.3858
2026-01-31 01:04:14,898 - DEBUG - validation loss did not improve at epoch 8
2026-01-31 01:04:14,932 - DEBUG - epoch 009 | train loss 0.3553 | val loss 0.3874
2026-01-31 01:04:14,933 - DEBUG - validation loss did not improve at epoch 9
2026-01-31 01:04:14,967 - DEBUG - epoch 010 | train loss 0.3590 | val loss 0.3843
2026-01-31 01:04:14,967 - DEBUG - validation loss did not improve at epoch 10
2026-01-31 01:04:14,967 - INFO - epoch 010 | train loss 0.3590 | val loss 0.3843
2026-01-31 01:04:15,002 - DEBUG - epoch 011 | train loss 0.3479 | val loss 0.3443
2026-01-31 01:04:15,002 - DEBUG - patience counter reinitialized.
2026-01-31 01:04:15,038 - DEBUG - epoch 012 | train loss 0.3525 | val loss 0.3462
2026-01-31 01:04:15,038 - DEBUG - validation loss did not improve at epoch 12
2026-01-31 01:04:15,074 - DEBUG - epoch 013 | train loss 0.3529 | val loss 0.3447
2026-01-31 01:04:15,074 - DEBUG - validation loss did not improve at epoch 13
2026-01-31 01:04:15,108 - DEBUG - epoch 014 | train loss 0.3350 | val loss 0.3481
2026-01-31 01:04:15,108 - DEBUG - validation loss did not improve at epoch 14
2026-01-31 01:04:15,143 - DEBUG - epoch 015 | train loss 0.3328 | val loss 0.3978
2026-01-31 01:04:15,143 - DEBUG - validation loss did not improve at epoch 15
2026-01-31 01:04:15,179 - DEBUG - epoch 016 | train loss 0.3456 | val loss 0.3536
2026-01-31 01:04:15,179 - DEBUG - validation loss did not improve at epoch 16
2026-01-31 01:04:15,214 - DEBUG - epoch 017 | train loss 0.3291 | val loss 0.3700
2026-01-31 01:04:15,215 - DEBUG - validation loss did not improve at epoch 17
2026-01-31 01:04:15,249 - DEBUG - epoch 018 | train loss 0.3341 | val loss 0.3421
2026-01-31 01:04:15,249 - DEBUG - patience counter reinitialized.
2026-01-31 01:04:15,286 - DEBUG - epoch 019 | train loss 0.3417 | val loss 0.3222
2026-01-31 01:04:15,286 - DEBUG - patience counter reinitialized.
2026-01-31 01:04:15,324 - DEBUG - epoch 020 | train loss 0.3247 | val loss 0.3501
2026-01-31 01:04:15,324 - DEBUG - validation loss did not improve at epoch 20
2026-01-31 01:04:15,324 - INFO - epoch 020 | train loss 0.3247 | val loss 0.3501
2026-01-31 01:04:15,360 - DEBUG - epoch 021 | train loss 0.3462 | val loss 0.3871
2026-01-31 01:04:15,361 - DEBUG - validation loss did not improve at epoch 21
2026-01-31 01:04:15,396 - DEBUG - epoch 022 | train loss 0.3333 | val loss 0.3628
2026-01-31 01:04:15,396 - DEBUG - validation loss did not improve at epoch 22
2026-01-31 01:04:15,433 - DEBUG - epoch 023 | train loss 0.3046 | val loss 0.3431
2026-01-31 01:04:15,433 - DEBUG - validation loss did not improve at epoch 23
2026-01-31 01:04:15,469 - DEBUG - epoch 024 | train loss 0.3005 | val loss 0.3694
2026-01-31 01:04:15,469 - DEBUG - validation loss did not improve at epoch 24
2026-01-31 01:04:15,504 - DEBUG - epoch 025 | train loss 0.2981 | val loss 0.3333
2026-01-31 01:04:15,504 - DEBUG - validation loss did not improve at epoch 25
2026-01-31 01:04:15,579 - DEBUG - epoch 026 | train loss 0.3025 | val loss 0.4410
2026-01-31 01:04:15,579 - DEBUG - validation loss did not improve at epoch 26
2026-01-31 01:04:15,635 - DEBUG - epoch 027 | train loss 0.3226 | val loss 0.3660
2026-01-31 01:04:15,635 - DEBUG - validation loss did not improve at epoch 27
2026-01-31 01:04:15,690 - DEBUG - epoch 028 | train loss 0.3157 | val loss 0.3672
2026-01-31 01:04:15,690 - DEBUG - validation loss did not improve at epoch 28
2026-01-31 01:04:15,743 - DEBUG - epoch 029 | train loss 0.2873 | val loss 0.3804
2026-01-31 01:04:15,743 - DEBUG - validation loss did not improve at epoch 29
2026-01-31 01:04:15,793 - DEBUG - epoch 030 | train loss 0.2996 | val loss 0.3360
2026-01-31 01:04:15,793 - DEBUG - validation loss did not improve at epoch 30
2026-01-31 01:04:15,793 - INFO - epoch 030 | train loss 0.2996 | val loss 0.3360
2026-01-31 01:04:15,841 - DEBUG - epoch 031 | train loss 0.2763 | val loss 0.3953
2026-01-31 01:04:15,841 - DEBUG - validation loss did not improve at epoch 31
2026-01-31 01:04:15,963 - DEBUG - epoch 032 | train loss 0.2833 | val loss 0.3620
2026-01-31 01:04:15,964 - DEBUG - validation loss did not improve at epoch 32
2026-01-31 01:04:16,007 - DEBUG - epoch 033 | train loss 0.3075 | val loss 0.4096
2026-01-31 01:04:16,008 - DEBUG - validation loss did not improve at epoch 33
2026-01-31 01:04:16,045 - DEBUG - epoch 034 | train loss 0.2806 | val loss 0.4464
2026-01-31 01:04:16,045 - DEBUG - validation loss did not improve at epoch 34
2026-01-31 01:04:16,082 - DEBUG - epoch 035 | train loss 0.2909 | val loss 0.3551
2026-01-31 01:04:16,082 - DEBUG - validation loss did not improve at epoch 35
2026-01-31 01:04:16,118 - DEBUG - epoch 036 | train loss 0.2928 | val loss 0.3930
2026-01-31 01:04:16,118 - DEBUG - validation loss did not improve at epoch 36
2026-01-31 01:04:16,154 - DEBUG - epoch 037 | train loss 0.2856 | val loss 0.3573
2026-01-31 01:04:16,154 - DEBUG - validation loss did not improve at epoch 37
2026-01-31 01:04:16,189 - DEBUG - epoch 038 | train loss 0.2784 | val loss 0.3904
2026-01-31 01:04:16,189 - DEBUG - validation loss did not improve at epoch 38
2026-01-31 01:04:16,224 - DEBUG - epoch 039 | train loss 0.2684 | val loss 0.4115
2026-01-31 01:04:16,224 - DEBUG - validation loss did not improve at epoch 39
2026-01-31 01:04:16,224 - WARNING - early stopping triggered after 20 waiting epochs
